<?xml version="1.0" encoding="UTF-8"?>
<!-- Generated by org.testng.reporters.JUnitReportReporter -->
<testsuite hostname="IB-Pune-LAP-358" failures="0" tests="2" name="Myapplication.EcommercewithPlaywright.Firsttest" time="0.154" errors="0" timestamp="2022-09-28T15:30:33 IST" skipped="0">
  <testcase classname="Myapplication.EcommercewithPlaywright.Firsttest" name="checkurl" time="0.008"/>
  <system-out/>
  <testcase classname="Myapplication.EcommercewithPlaywright.Firsttest" name="titlecheck" time="0.146"/>
  <system-out/>
</testsuite> <!-- Myapplication.EcommercewithPlaywright.Firsttest -->
